# JRE version: OpenJDK Runtime Environment (11.0.10) (build 11.0.10+0-b96-7249189)
# Java VM: OpenJDK 64-Bit Server VM (11.0.10+0-b96-7249189, mixed mode, tiered, compressed oops, g1 gc, windows-amd64)
Heap:
 garbage-first heap   total 368640K, used 188189K [0x0000000080000000, 0x0000000100000000)
  region size 1024K, 4 young (4096K), 4 survivors (4096K)
 Metaspace       used 120636K, capacity 123914K, committed 124108K, reserved 1157120K
  class space    used 15271K, capacity 16454K, committed 16588K, reserved 1048576K
GC Heap History (20 events):
Event: 34.323 GC heap after
{Heap after GC invocations=33 (full 0):
 garbage-first heap   total 256000K, used 186930K [0x0000000080000000, 0x0000000100000000)
  region size 1024K, 3 young (3072K), 3 survivors (3072K)
 Metaspace       used 119637K, capacity 122910K, committed 123340K, reserved 1157120K
  class space    used 15236K, capacity 16434K, committed 16588K, reserved 1048576K
}
Event: 34.347 GC heap before
{Heap before GC invocations=33 (full 0):
 garbage-first heap   total 256000K, used 196146K [0x0000000080000000, 0x0000000100000000)
  region size 1024K, 12 young (12288K), 3 survivors (3072K)
 Metaspace       used 119638K, capacity 122910K, committed 123340K, reserved 1157120K
  class space    used 15236K, capacity 16434K, committed 16588K, reserved 1048576K
}
Event: 34.351 GC heap after
{Heap after GC invocations=34 (full 0):
 garbage-first heap   total 307200K, used 186061K [0x0000000080000000, 0x0000000100000000)
  region size 1024K, 2 young (2048K), 2 survivors (2048K)
 Metaspace       used 119638K, capacity 122910K, committed 123340K, reserved 1157120K
  class space    used 15236K, capacity 16434K, committed 16588K, reserved 1048576K
}
Event: 34.486 GC heap before
{Heap before GC invocations=34 (full 0):
 garbage-first heap   total 307200K, used 241357K [0x0000000080000000, 0x0000000100000000)
  region size 1024K, 56 young (57344K), 2 survivors (2048K)
 Metaspace       used 119717K, capacity 122982K, committed 123340K, reserved 1157120K
  class space    used 15258K, capacity 16437K, committed 16588K, reserved 1048576K
}
Event: 34.491 GC heap after
{Heap after GC invocations=35 (full 0):
 garbage-first heap   total 307200K, used 185848K [0x0000000080000000, 0x0000000100000000)
  region size 1024K, 1 young (1024K), 1 survivors (1024K)
 Metaspace       used 119717K, capacity 122982K, committed 123340K, reserved 1157120K
  class space    used 15258K, capacity 16437K, committed 16588K, reserved 1048576K
}
Event: 34.793 GC heap before
{Heap before GC invocations=36 (full 0):
 garbage-first heap   total 307200K, used 245240K [0x0000000080000000, 0x0000000100000000)
  region size 1024K, 59 young (60416K), 1 survivors (1024K)
 Metaspace       used 120153K, capacity 123422K, committed 123596K, reserved 1157120K
  class space    used 15266K, capacity 16449K, committed 16588K, reserved 1048576K
}
Event: 34.795 GC heap after
{Heap after GC invocations=37 (full 0):
 garbage-first heap   total 307200K, used 185907K [0x0000000080000000, 0x0000000100000000)
  region size 1024K, 2 young (2048K), 2 survivors (2048K)
 Metaspace       used 120153K, capacity 123422K, committed 123596K, reserved 1157120K
  class space    used 15266K, capacity 16449K, committed 16588K, reserved 1048576K
}
Event: 34.890 GC heap before
{Heap before GC invocations=37 (full 0):
 garbage-first heap   total 307200K, used 247347K [0x0000000080000000, 0x0000000100000000)
  region size 1024K, 62 young (63488K), 2 survivors (2048K)
 Metaspace       used 120191K, capacity 123489K, committed 123852K, reserved 1157120K
  class space    used 15269K, capacity 16449K, committed 16588K, reserved 1048576K
}
Event: 34.891 GC heap after
{Heap after GC invocations=38 (full 0):
 garbage-first heap   total 307200K, used 186548K [0x0000000080000000, 0x0000000100000000)
  region size 1024K, 2 young (2048K), 2 survivors (2048K)
 Metaspace       used 120191K, capacity 123489K, committed 123852K, reserved 1157120K
  class space    used 15269K, capacity 16449K, committed 16588K, reserved 1048576K
}
Event: 34.990 GC heap before
{Heap before GC invocations=38 (full 0):
 garbage-first heap   total 307200K, used 251060K [0x0000000080000000, 0x0000000100000000)
  region size 1024K, 65 young (66560K), 2 survivors (2048K)
 Metaspace       used 120214K, capacity 123501K, committed 123852K, reserved 1157120K
  class space    used 15271K, capacity 16453K, committed 16588K, reserved 1048576K
}
Event: 34.992 GC heap after
{Heap after GC invocations=39 (full 0):
 garbage-first heap   total 307200K, used 186694K [0x0000000080000000, 0x0000000100000000)
  region size 1024K, 2 young (2048K), 2 survivors (2048K)
 Metaspace       used 120214K, capacity 123501K, committed 123852K, reserved 1157120K
  class space    used 15271K, capacity 16453K, committed 16588K, reserved 1048576K
}
Event: 35.090 GC heap before
{Heap before GC invocations=39 (full 0):
 garbage-first heap   total 307200K, used 254278K [0x0000000080000000, 0x0000000100000000)
  region size 1024K, 68 young (69632K), 2 survivors (2048K)
 Metaspace       used 120324K, capacity 123576K, committed 123852K, reserved 1157120K
  class space    used 15271K, capacity 16454K, committed 16588K, reserved 1048576K
}
Event: 35.093 GC heap after
{Heap after GC invocations=40 (full 0):
 garbage-first heap   total 307200K, used 186858K [0x0000000080000000, 0x0000000100000000)
  region size 1024K, 2 young (2048K), 2 survivors (2048K)
 Metaspace       used 120324K, capacity 123576K, committed 123852K, reserved 1157120K
  class space    used 15271K, capacity 16454K, committed 16588K, reserved 1048576K
}
Event: 35.176 GC heap before
{Heap before GC invocations=40 (full 0):
 garbage-first heap   total 307200K, used 256490K [0x0000000080000000, 0x0000000100000000)
  region size 1024K, 70 young (71680K), 2 survivors (2048K)
 Metaspace       used 120399K, capacity 123705K, committed 123852K, reserved 1157120K
  class space    used 15271K, capacity 16454K, committed 16588K, reserved 1048576K
}
Event: 35.179 GC heap after
{Heap after GC invocations=41 (full 0):
 garbage-first heap   total 307200K, used 187223K [0x0000000080000000, 0x0000000100000000)
  region size 1024K, 3 young (3072K), 3 survivors (3072K)
 Metaspace       used 120399K, capacity 123705K, committed 123852K, reserved 1157120K
  class space    used 15271K, capacity 16454K, committed 16588K, reserved 1048576K
}
Event: 35.281 GC heap before
{Heap before GC invocations=41 (full 0):
 garbage-first heap   total 307200K, used 257879K [0x0000000080000000, 0x0000000100000000)
  region size 1024K, 72 young (73728K), 3 survivors (3072K)
 Metaspace       used 120506K, capacity 123839K, committed 124108K, reserved 1157120K
  class space    used 15271K, capacity 16454K, committed 16588K, reserved 1048576K
}
Event: 35.284 GC heap after
{Heap after GC invocations=42 (full 0):
 garbage-first heap   total 307200K, used 188192K [0x0000000080000000, 0x0000000100000000)
  region size 1024K, 4 young (4096K), 4 survivors (4096K)
 Metaspace       used 120506K, capacity 123839K, committed 124108K, reserved 1157120K
  class space    used 15271K, capacity 16454K, committed 16588K, reserved 1048576K
}
Event: 35.362 GC heap before
{Heap before GC invocations=42 (full 0):
 garbage-first heap   total 307200K, used 259872K [0x0000000080000000, 0x0000000100000000)
  region size 1024K, 74 young (75776K), 4 survivors (4096K)
 Metaspace       used 120577K, capacity 123910K, committed 124108K, reserved 1157120K
  class space    used 15271K, capacity 16454K, committed 16588K, reserved 1048576K
}
Event: 35.366 GC heap after
{Heap after GC invocations=43 (full 0):
 garbage-first heap   total 307200K, used 188702K [0x0000000080000000, 0x0000000100000000)
  region size 1024K, 4 young (4096K), 4 survivors (4096K)
 Metaspace       used 120577K, capacity 123910K, committed 124108K, reserved 1157120K
  class space    used 15271K, capacity 16454K, committed 16588K, reserved 1048576K
}
Event: 35.443 GC heap before
{Heap before GC invocations=43 (full 0):
 garbage-first heap   total 307200K, used 261406K [0x0000000080000000, 0x0000000100000000)
  region size 1024K, 75 young (76800K), 4 survivors (4096K)
 Metaspace       used 120636K, capacity 123914K, committed 124108K, reserved 1157120K
  class space    used 15271K, capacity 16454K, committed 16588K, reserved 1048576K
}

