# JRE version: OpenJDK Runtime Environment (11.0.10) (build 11.0.10+0-b96-7249189)
# Java VM: OpenJDK 64-Bit Server VM (11.0.10+0-b96-7249189, mixed mode, tiered, compressed oops, g1 gc, windows-amd64)
Heap:
 garbage-first heap   total 368640K, used 264654K [0x0000000080000000, 0x0000000100000000)
  region size 1024K, 127 young (130048K), 9 survivors (9216K)
 Metaspace       used 101119K, capacity 103723K, committed 104780K, reserved 1140736K
  class space    used 13036K, capacity 14020K, committed 14464K, reserved 1048576K
GC Heap History (20 events):
Event: 10.703 GC heap before
{Heap before GC invocations=25 (full 0):
 garbage-first heap   total 307200K, used 246760K [0x0000000080000000, 0x0000000100000000)
  region size 1024K, 109 young (111616K), 4 survivors (4096K)
 Metaspace       used 100754K, capacity 103354K, committed 104524K, reserved 1138688K
  class space    used 13020K, capacity 14010K, committed 14464K, reserved 1048576K
}
Event: 10.707 GC heap after
{Heap after GC invocations=26 (full 0):
 garbage-first heap   total 307200K, used 139752K [0x0000000080000000, 0x0000000100000000)
  region size 1024K, 5 young (5120K), 5 survivors (5120K)
 Metaspace       used 100754K, capacity 103354K, committed 104524K, reserved 1138688K
  class space    used 13020K, capacity 14010K, committed 14464K, reserved 1048576K
}
Event: 10.845 GC heap before
{Heap before GC invocations=26 (full 0):
 garbage-first heap   total 307200K, used 249320K [0x0000000080000000, 0x0000000100000000)
  region size 1024K, 112 young (114688K), 5 survivors (5120K)
 Metaspace       used 100889K, capacity 103512K, committed 104524K, reserved 1138688K
  class space    used 13026K, capacity 14016K, committed 14464K, reserved 1048576K
}
Event: 10.849 GC heap after
{Heap after GC invocations=27 (full 0):
 garbage-first heap   total 307200K, used 139691K [0x0000000080000000, 0x0000000100000000)
  region size 1024K, 5 young (5120K), 5 survivors (5120K)
 Metaspace       used 100889K, capacity 103512K, committed 104524K, reserved 1138688K
  class space    used 13026K, capacity 14016K, committed 14464K, reserved 1048576K
}
Event: 10.991 GC heap before
{Heap before GC invocations=27 (full 0):
 garbage-first heap   total 307200K, used 252331K [0x0000000080000000, 0x0000000100000000)
  region size 1024K, 116 young (118784K), 5 survivors (5120K)
 Metaspace       used 100921K, capacity 103516K, committed 104524K, reserved 1138688K
  class space    used 13026K, capacity 14016K, committed 14464K, reserved 1048576K
}
Event: 10.998 GC heap after
{Heap after GC invocations=28 (full 0):
 garbage-first heap   total 307200K, used 140525K [0x0000000080000000, 0x0000000100000000)
  region size 1024K, 5 young (5120K), 5 survivors (5120K)
 Metaspace       used 100921K, capacity 103516K, committed 104524K, reserved 1138688K
  class space    used 13026K, capacity 14016K, committed 14464K, reserved 1048576K
}
Event: 11.127 GC heap before
{Heap before GC invocations=28 (full 0):
 garbage-first heap   total 307200K, used 256237K [0x0000000080000000, 0x0000000100000000)
  region size 1024K, 118 young (120832K), 5 survivors (5120K)
 Metaspace       used 100975K, capacity 103581K, committed 104524K, reserved 1138688K
  class space    used 13026K, capacity 14016K, committed 14464K, reserved 1048576K
}
Event: 11.132 GC heap after
{Heap after GC invocations=29 (full 0):
 garbage-first heap   total 307200K, used 141182K [0x0000000080000000, 0x0000000100000000)
  region size 1024K, 6 young (6144K), 6 survivors (6144K)
 Metaspace       used 100975K, capacity 103581K, committed 104524K, reserved 1138688K
  class space    used 13026K, capacity 14016K, committed 14464K, reserved 1048576K
}
Event: 11.258 GC heap before
{Heap before GC invocations=29 (full 0):
 garbage-first heap   total 307200K, used 258942K [0x0000000080000000, 0x0000000100000000)
  region size 1024K, 121 young (123904K), 6 survivors (6144K)
 Metaspace       used 101036K, capacity 103581K, committed 104524K, reserved 1138688K
  class space    used 13033K, capacity 14016K, committed 14464K, reserved 1048576K
}
Event: 11.263 GC heap after
{Heap after GC invocations=30 (full 0):
 garbage-first heap   total 307200K, used 141376K [0x0000000080000000, 0x0000000100000000)
  region size 1024K, 6 young (6144K), 6 survivors (6144K)
 Metaspace       used 101036K, capacity 103581K, committed 104524K, reserved 1138688K
  class space    used 13033K, capacity 14016K, committed 14464K, reserved 1048576K
}
Event: 11.397 GC heap before
{Heap before GC invocations=30 (full 0):
 garbage-first heap   total 307200K, used 261184K [0x0000000080000000, 0x0000000100000000)
  region size 1024K, 123 young (125952K), 6 survivors (6144K)
 Metaspace       used 101055K, capacity 103646K, committed 104780K, reserved 1140736K
  class space    used 13033K, capacity 14016K, committed 14464K, reserved 1048576K
}
Event: 11.404 GC heap after
{Heap after GC invocations=31 (full 0):
 garbage-first heap   total 307200K, used 141906K [0x0000000080000000, 0x0000000100000000)
  region size 1024K, 7 young (7168K), 7 survivors (7168K)
 Metaspace       used 101055K, capacity 103646K, committed 104780K, reserved 1140736K
  class space    used 13033K, capacity 14016K, committed 14464K, reserved 1048576K
}
Event: 11.540 GC heap before
{Heap before GC invocations=31 (full 0):
 garbage-first heap   total 307200K, used 262738K [0x0000000080000000, 0x0000000100000000)
  region size 1024K, 125 young (128000K), 7 survivors (7168K)
 Metaspace       used 101073K, capacity 103646K, committed 104780K, reserved 1140736K
  class space    used 13033K, capacity 14016K, committed 14464K, reserved 1048576K
}
Event: 11.549 GC heap after
{Heap after GC invocations=32 (full 0):
 garbage-first heap   total 368640K, used 142373K [0x0000000080000000, 0x0000000100000000)
  region size 1024K, 7 young (7168K), 7 survivors (7168K)
 Metaspace       used 101073K, capacity 103646K, committed 104780K, reserved 1140736K
  class space    used 13033K, capacity 14016K, committed 14464K, reserved 1048576K
}
Event: 11.728 GC heap before
{Heap before GC invocations=32 (full 0):
 garbage-first heap   total 368640K, used 302117K [0x0000000080000000, 0x0000000100000000)
  region size 1024K, 163 young (166912K), 7 survivors (7168K)
 Metaspace       used 101086K, capacity 103651K, committed 104780K, reserved 1140736K
  class space    used 13034K, capacity 14017K, committed 14464K, reserved 1048576K
}
Event: 11.735 GC heap after
{Heap after GC invocations=33 (full 0):
 garbage-first heap   total 368640K, used 143462K [0x0000000080000000, 0x0000000100000000)
  region size 1024K, 8 young (8192K), 8 survivors (8192K)
 Metaspace       used 101086K, capacity 103651K, committed 104780K, reserved 1140736K
  class space    used 13034K, capacity 14017K, committed 14464K, reserved 1048576K
}
Event: 11.903 GC heap before
{Heap before GC invocations=33 (full 0):
 garbage-first heap   total 368640K, used 305254K [0x0000000080000000, 0x0000000100000000)
  region size 1024K, 166 young (169984K), 8 survivors (8192K)
 Metaspace       used 101092K, capacity 103651K, committed 104780K, reserved 1140736K
  class space    used 13034K, capacity 14017K, committed 14464K, reserved 1048576K
}
Event: 11.912 GC heap after
{Heap after GC invocations=34 (full 0):
 garbage-first heap   total 368640K, used 144229K [0x0000000080000000, 0x0000000100000000)
  region size 1024K, 9 young (9216K), 9 survivors (9216K)
 Metaspace       used 101092K, capacity 103651K, committed 104780K, reserved 1140736K
  class space    used 13034K, capacity 14017K, committed 14464K, reserved 1048576K
}
Event: 12.087 GC heap before
{Heap before GC invocations=34 (full 0):
 garbage-first heap   total 368640K, used 312165K [0x0000000080000000, 0x0000000100000000)
  region size 1024K, 173 young (177152K), 9 survivors (9216K)
 Metaspace       used 101109K, capacity 103651K, committed 104780K, reserved 1140736K
  class space    used 13034K, capacity 14017K, committed 14464K, reserved 1048576K
}
Event: 12.095 GC heap after
{Heap after GC invocations=35 (full 0):
 garbage-first heap   total 368640K, used 144846K [0x0000000080000000, 0x0000000100000000)
  region size 1024K, 9 young (9216K), 9 survivors (9216K)
 Metaspace       used 101109K, capacity 103651K, committed 104780K, reserved 1140736K
  class space    used 13034K, capacity 14017K, committed 14464K, reserved 1048576K
}

