# JRE version: OpenJDK Runtime Environment (11.0.10) (build 11.0.10+0-b96-7249189)
# Java VM: OpenJDK 64-Bit Server VM (11.0.10+0-b96-7249189, mixed mode, tiered, compressed oops, g1 gc, windows-amd64)
Heap:
 garbage-first heap   total 461824K, used 148755K [0x0000000080000000, 0x0000000100000000)
  region size 1024K, 21 young (21504K), 21 survivors (21504K)
 Metaspace       used 102163K, capacity 104824K, committed 105124K, reserved 1140736K
  class space    used 13129K, capacity 14118K, committed 14284K, reserved 1048576K
GC Heap History (20 events):
Event: 11.104 GC heap after
{Heap after GC invocations=27 (full 0):
 garbage-first heap   total 307200K, used 129842K [0x0000000080000000, 0x0000000100000000)
  region size 1024K, 4 young (4096K), 4 survivors (4096K)
 Metaspace       used 100417K, capacity 102910K, committed 103844K, reserved 1138688K
  class space    used 12922K, capacity 13861K, committed 14284K, reserved 1048576K
}
Event: 11.282 GC heap before
{Heap before GC invocations=27 (full 0):
 garbage-first heap   total 307200K, used 248626K [0x0000000080000000, 0x0000000100000000)
  region size 1024K, 120 young (122880K), 4 survivors (4096K)
 Metaspace       used 100524K, capacity 103064K, committed 104100K, reserved 1138688K
  class space    used 12930K, capacity 13867K, committed 14284K, reserved 1048576K
}
Event: 11.287 GC heap after
{Heap after GC invocations=28 (full 0):
 garbage-first heap   total 307200K, used 130664K [0x0000000080000000, 0x0000000100000000)
  region size 1024K, 5 young (5120K), 5 survivors (5120K)
 Metaspace       used 100524K, capacity 103064K, committed 104100K, reserved 1138688K
  class space    used 12930K, capacity 13867K, committed 14284K, reserved 1048576K
}
Event: 11.428 GC heap before
{Heap before GC invocations=28 (full 0):
 garbage-first heap   total 307200K, used 251496K [0x0000000080000000, 0x0000000100000000)
  region size 1024K, 123 young (125952K), 5 survivors (5120K)
 Metaspace       used 100548K, capacity 103064K, committed 104100K, reserved 1138688K
  class space    used 12933K, capacity 13867K, committed 14284K, reserved 1048576K
}
Event: 11.432 GC heap after
{Heap after GC invocations=29 (full 0):
 garbage-first heap   total 307200K, used 131373K [0x0000000080000000, 0x0000000100000000)
  region size 1024K, 5 young (5120K), 5 survivors (5120K)
 Metaspace       used 100548K, capacity 103064K, committed 104100K, reserved 1138688K
  class space    used 12933K, capacity 13867K, committed 14284K, reserved 1048576K
}
Event: 11.577 GC heap before
{Heap before GC invocations=29 (full 0):
 garbage-first heap   total 307200K, used 255277K [0x0000000080000000, 0x0000000100000000)
  region size 1024K, 126 young (129024K), 5 survivors (5120K)
 Metaspace       used 100568K, capacity 103064K, committed 104100K, reserved 1138688K
  class space    used 12933K, capacity 13867K, committed 14284K, reserved 1048576K
}
Event: 11.582 GC heap after
{Heap after GC invocations=30 (full 0):
 garbage-first heap   total 307200K, used 131489K [0x0000000080000000, 0x0000000100000000)
  region size 1024K, 6 young (6144K), 6 survivors (6144K)
 Metaspace       used 100568K, capacity 103064K, committed 104100K, reserved 1138688K
  class space    used 12933K, capacity 13867K, committed 14284K, reserved 1048576K
}
Event: 11.703 GC heap before
{Heap before GC invocations=30 (full 0):
 garbage-first heap   total 307200K, used 256417K [0x0000000080000000, 0x0000000100000000)
  region size 1024K, 128 young (131072K), 6 survivors (6144K)
 Metaspace       used 100582K, capacity 103064K, committed 104100K, reserved 1138688K
  class space    used 12933K, capacity 13867K, committed 14284K, reserved 1048576K
}
Event: 11.708 GC heap after
{Heap after GC invocations=31 (full 0):
 garbage-first heap   total 307200K, used 132329K [0x0000000080000000, 0x0000000100000000)
  region size 1024K, 6 young (6144K), 6 survivors (6144K)
 Metaspace       used 100582K, capacity 103064K, committed 104100K, reserved 1138688K
  class space    used 12933K, capacity 13867K, committed 14284K, reserved 1048576K
}
Event: 11.831 GC heap before
{Heap before GC invocations=31 (full 0):
 garbage-first heap   total 307200K, used 259305K [0x0000000080000000, 0x0000000100000000)
  region size 1024K, 130 young (133120K), 6 survivors (6144K)
 Metaspace       used 100604K, capacity 103128K, committed 104100K, reserved 1138688K
  class space    used 12933K, capacity 13867K, committed 14284K, reserved 1048576K
}
Event: 11.837 GC heap after
{Heap after GC invocations=32 (full 0):
 garbage-first heap   total 307200K, used 132663K [0x0000000080000000, 0x0000000100000000)
  region size 1024K, 7 young (7168K), 7 survivors (7168K)
 Metaspace       used 100604K, capacity 103128K, committed 104100K, reserved 1138688K
  class space    used 12933K, capacity 13867K, committed 14284K, reserved 1048576K
}
Event: 11.958 GC heap before
{Heap before GC invocations=32 (full 0):
 garbage-first heap   total 307200K, used 260663K [0x0000000080000000, 0x0000000100000000)
  region size 1024K, 132 young (135168K), 7 survivors (7168K)
 Metaspace       used 100611K, capacity 103128K, committed 104100K, reserved 1138688K
  class space    used 12933K, capacity 13867K, committed 14284K, reserved 1048576K
}
Event: 11.966 GC heap after
{Heap after GC invocations=33 (full 0):
 garbage-first heap   total 368640K, used 133403K [0x0000000080000000, 0x0000000100000000)
  region size 1024K, 7 young (7168K), 7 survivors (7168K)
 Metaspace       used 100611K, capacity 103128K, committed 104100K, reserved 1138688K
  class space    used 12933K, capacity 13867K, committed 14284K, reserved 1048576K
}
Event: 12.118 GC heap before
{Heap before GC invocations=33 (full 0):
 garbage-first heap   total 368640K, used 298267K [0x0000000080000000, 0x0000000100000000)
  region size 1024K, 168 young (172032K), 7 survivors (7168K)
 Metaspace       used 100627K, capacity 103142K, committed 104100K, reserved 1138688K
  class space    used 12935K, capacity 13871K, committed 14284K, reserved 1048576K
}
Event: 12.125 GC heap after
{Heap after GC invocations=34 (full 0):
 garbage-first heap   total 368640K, used 134930K [0x0000000080000000, 0x0000000100000000)
  region size 1024K, 9 young (9216K), 9 survivors (9216K)
 Metaspace       used 100627K, capacity 103142K, committed 104100K, reserved 1138688K
  class space    used 12935K, capacity 13871K, committed 14284K, reserved 1048576K
}
Event: 12.311 GC heap before
{Heap before GC invocations=34 (full 0):
 garbage-first heap   total 368640K, used 304914K [0x0000000080000000, 0x0000000100000000)
  region size 1024K, 175 young (179200K), 9 survivors (9216K)
 Metaspace       used 101446K, capacity 104009K, committed 104612K, reserved 1140736K
  class space    used 13046K, capacity 14007K, committed 14284K, reserved 1048576K
}
Event: 12.319 GC heap after
{Heap after GC invocations=35 (full 0):
 garbage-first heap   total 368640K, used 135131K [0x0000000080000000, 0x0000000100000000)
  region size 1024K, 8 young (8192K), 8 survivors (8192K)
 Metaspace       used 101446K, capacity 104009K, committed 104612K, reserved 1140736K
  class space    used 13046K, capacity 14007K, committed 14284K, reserved 1048576K
}
Event: 12.548 GC heap before
{Heap before GC invocations=35 (full 0):
 garbage-first heap   total 368640K, used 318427K [0x0000000080000000, 0x0000000100000000)
  region size 1024K, 186 young (190464K), 8 survivors (8192K)
 Metaspace       used 102140K, capacity 104756K, committed 105124K, reserved 1140736K
  class space    used 13129K, capacity 14118K, committed 14284K, reserved 1048576K
}
Event: 12.555 GC heap after
{Heap after GC invocations=36 (full 0):
 garbage-first heap   total 368640K, used 139423K [0x0000000080000000, 0x0000000100000000)
  region size 1024K, 12 young (12288K), 12 survivors (12288K)
 Metaspace       used 102140K, capacity 104756K, committed 105124K, reserved 1140736K
  class space    used 13129K, capacity 14118K, committed 14284K, reserved 1048576K
}
Event: 12.729 GC heap before
{Heap before GC invocations=36 (full 0):
 garbage-first heap   total 368640K, used 314527K [0x0000000080000000, 0x0000000100000000)
  region size 1024K, 183 young (187392K), 12 survivors (12288K)
 Metaspace       used 102163K, capacity 104824K, committed 105124K, reserved 1140736K
  class space    used 13129K, capacity 14118K, committed 14284K, reserved 1048576K
}

